app/build/intermediates/manifest_merge_blame_file/debug/processDebugMainManifest/manifest-merger-blame-debug-report.txt
1<?xml version="1.0" encoding="utf-8"?>
2<manifest xmlns:android="http://schemas.android.com/apk/res/android"
3    package="com.steptracker.nativeapp"
4    android:versionCode="1"
5    android:versionName="1.0" >
6
7    <uses-sdk
8        android:minSdkVersion="26"
9        android:targetSdkVersion="35" />
10
11    <!-- Permissions for Step Counter and Location -->
12    <uses-permission android:name="android.permission.ACTIVITY_RECOGNITION" />
12-->src\main\AndroidManifest.xml:6:5-79
12-->src\main\AndroidManifest.xml:6:22-76
13    <uses-permission android:name="android.permission.ACCESS_FINE_LOCATION" />
13-->src\main\AndroidManifest.xml:7:5-79
13-->src\main\AndroidManifest.xml:7:22-76
14    <uses-permission android:name="android.permission.ACCESS_COARSE_LOCATION" />
14-->src\main\AndroidManifest.xml:8:5-81
14-->src\main\AndroidManifest.xml:8:22-78
15    <uses-permission android:name="android.permission.ACCESS_BACKGROUND_LOCATION" />
15-->src\main\AndroidManifest.xml:9:5-85
15-->src\main\AndroidManifest.xml:9:22-82
16    <uses-permission android:name="android.permission.FOREGROUND_SERVICE" />
16-->src\main\AndroidManifest.xml:10:5-77
16-->src\main\AndroidManifest.xml:10:22-74
17    <uses-permission android:name="android.permission.FOREGROUND_SERVICE_LOCATION" />
17-->src\main\AndroidManifest.xml:11:5-86
17-->src\main\AndroidManifest.xml:11:22-83
18    <uses-permission android:name="android.permission.POST_NOTIFICATIONS" />
18-->src\main\AndroidManifest.xml:12:5-77
18-->src\main\AndroidManifest.xml:12:22-74
19    <uses-permission android:name="android.permission.RECEIVE_BOOT_COMPLETED" />
19-->src\main\AndroidManifest.xml:13:5-81
19-->src\main\AndroidManifest.xml:13:22-78
20
21    <!-- Hardware features -->
22    <uses-feature
22-->src\main\AndroidManifest.xml:16:5-97
23        android:name="android.hardware.sensor.stepcounter"
23-->src\main\AndroidManifest.xml:16:19-69
24        android:required="false" />
24-->src\main\AndroidManifest.xml:16:70-94
25    <uses-feature
25-->src\main\AndroidManifest.xml:17:5-99
26        android:name="android.hardware.sensor.accelerometer"
26-->src\main\AndroidManifest.xml:17:19-71
27        android:required="false" />
27-->src\main\AndroidManifest.xml:17:72-96
28    <uses-feature
28-->src\main\AndroidManifest.xml:18:5-87
29        android:name="android.hardware.location"
29-->src\main\AndroidManifest.xml:18:19-59
30        android:required="false" />
30-->src\main\AndroidManifest.xml:18:60-84
31    <uses-feature
31-->src\main\AndroidManifest.xml:19:5-91
32        android:name="android.hardware.location.gps"
32-->src\main\AndroidManifest.xml:19:19-63
33        android:required="false" />
33-->src\main\AndroidManifest.xml:19:64-88
34
35    <uses-permission android:name="android.permission.INTERNET" />
35-->[nph-ads-1.0.1-release.aar] AndroidManifest.xml:8:5-67
35-->[nph-ads-1.0.1-release.aar] AndroidManifest.xml:8:22-64
36    <uses-permission android:name="android.permission.ACCESS_NETWORK_STATE" />
36-->[nph-ads-1.0.1-release.aar] AndroidManifest.xml:9:5-79
36-->[nph-ads-1.0.1-release.aar] AndroidManifest.xml:9:22-76
37
38    <queries>
38-->[com.facebook.android:facebook-common:18.2.3] AndroidManifest.xml:15:5-17:15
39        <package android:name="com.facebook.katana" />
39-->[com.facebook.android:facebook-common:18.2.3] AndroidManifest.xml:16:9-55
39-->[com.facebook.android:facebook-common:18.2.3] AndroidManifest.xml:16:18-52
40        <!-- For browser content -->
41        <intent>
41-->[com.google.android.gms:play-services-ads-lite:24.0.0] AndroidManifest.xml:38:9-44:18
42            <action android:name="android.intent.action.VIEW" />
42-->[com.facebook.android:facebook-common:18.2.3] AndroidManifest.xml:30:17-69
42-->[com.facebook.android:facebook-common:18.2.3] AndroidManifest.xml:30:25-66
43
44            <category android:name="android.intent.category.BROWSABLE" />
44-->[com.facebook.android:facebook-common:18.2.3] AndroidManifest.xml:33:17-78
44-->[com.facebook.android:facebook-common:18.2.3] AndroidManifest.xml:33:27-75
45
46            <data android:scheme="https" />
46-->[com.facebook.android:facebook-common:18.2.3] AndroidManifest.xml:35:17-37:50
46-->[com.facebook.android:facebook-common:18.2.3] AndroidManifest.xml:37:21-47
47        </intent> <!-- End of browser content -->
48        <!-- For CustomTabsService -->
49        <intent>
49-->[com.google.android.gms:play-services-ads-lite:24.0.0] AndroidManifest.xml:47:9-49:18
50            <action android:name="android.support.customtabs.action.CustomTabsService" />
50-->[com.google.android.gms:play-services-ads-lite:24.0.0] AndroidManifest.xml:48:13-90
50-->[com.google.android.gms:play-services-ads-lite:24.0.0] AndroidManifest.xml:48:21-87
51        </intent> <!-- End of CustomTabsService -->
52        <!-- For MRAID capabilities -->
53        <intent>
53-->[com.google.android.gms:play-services-ads-lite:24.0.0] AndroidManifest.xml:52:9-56:18
54            <action android:name="android.intent.action.INSERT" />
54-->[com.google.android.gms:play-services-ads-lite:24.0.0] AndroidManifest.xml:53:13-67
54-->[com.google.android.gms:play-services-ads-lite:24.0.0] AndroidManifest.xml:53:21-64
55
56            <data android:mimeType="vnd.android.cursor.dir/event" />
56-->[com.facebook.android:facebook-common:18.2.3] AndroidManifest.xml:35:17-37:50
57        </intent>
58        <intent>
58-->[com.google.android.gms:play-services-ads-lite:24.0.0] AndroidManifest.xml:57:9-61:18
59            <action android:name="android.intent.action.VIEW" />
59-->[com.facebook.android:facebook-common:18.2.3] AndroidManifest.xml:30:17-69
59-->[com.facebook.android:facebook-common:18.2.3] AndroidManifest.xml:30:25-66
60
61            <data android:scheme="sms" />
61-->[com.facebook.android:facebook-common:18.2.3] AndroidManifest.xml:35:17-37:50
61-->[com.facebook.android:facebook-common:18.2.3] AndroidManifest.xml:37:21-47
62        </intent>
63        <intent>
63-->[com.google.android.gms:play-services-ads-lite:24.0.0] AndroidManifest.xml:62:9-66:18
64            <action android:name="android.intent.action.DIAL" />
64-->[com.google.android.gms:play-services-ads-lite:24.0.0] AndroidManifest.xml:63:13-65
64-->[com.google.android.gms:play-services-ads-lite:24.0.0] AndroidManifest.xml:63:21-62
65
66            <data android:path="tel:" />
66-->[com.facebook.android:facebook-common:18.2.3] AndroidManifest.xml:35:17-37:50
67        </intent>
68    </queries>
69
70    <uses-permission android:name="android.permission.WAKE_LOCK" />
70-->[com.google.android.gms:play-services-measurement-api:22.1.2] AndroidManifest.xml:24:5-68
70-->[com.google.android.gms:play-services-measurement-api:22.1.2] AndroidManifest.xml:24:22-65
71    <uses-permission android:name="com.google.android.gms.permission.AD_ID" />
71-->[com.google.android.gms:play-services-measurement-api:22.1.2] AndroidManifest.xml:25:5-79
71-->[com.google.android.gms:play-services-measurement-api:22.1.2] AndroidManifest.xml:25:22-76
72    <uses-permission android:name="android.permission.ACCESS_ADSERVICES_ATTRIBUTION" />
72-->[com.google.android.gms:play-services-measurement-api:22.1.2] AndroidManifest.xml:26:5-88
72-->[com.google.android.gms:play-services-measurement-api:22.1.2] AndroidManifest.xml:26:22-85
73    <uses-permission android:name="android.permission.ACCESS_ADSERVICES_AD_ID" />
73-->[com.google.android.gms:play-services-measurement-api:22.1.2] AndroidManifest.xml:27:5-82
73-->[com.google.android.gms:play-services-measurement-api:22.1.2] AndroidManifest.xml:27:22-79
74    <uses-permission android:name="android.permission.ACCESS_ADSERVICES_CUSTOM_AUDIENCE" />
74-->[com.facebook.android:facebook-core:18.2.3] AndroidManifest.xml:18:5-92
74-->[com.facebook.android:facebook-core:18.2.3] AndroidManifest.xml:18:22-89
75    <uses-permission android:name="android.permission.ACCESS_ADSERVICES_TOPICS" />
75-->[com.facebook.android:facebook-core:18.2.3] AndroidManifest.xml:19:5-83
75-->[com.facebook.android:facebook-core:18.2.3] AndroidManifest.xml:19:22-80
76    <uses-permission android:name="com.google.android.finsky.permission.BIND_GET_INSTALL_REFERRER_SERVICE" />
76-->[com.google.android.gms:play-services-measurement:22.1.2] AndroidManifest.xml:26:5-110
76-->[com.google.android.gms:play-services-measurement:22.1.2] AndroidManifest.xml:26:22-107
77
78    <permission
78-->[androidx.core:core:1.15.0] AndroidManifest.xml:22:5-24:47
79        android:name="com.steptracker.nativeapp.DYNAMIC_RECEIVER_NOT_EXPORTED_PERMISSION"
79-->[androidx.core:core:1.15.0] AndroidManifest.xml:23:9-81
80        android:protectionLevel="signature" />
80-->[androidx.core:core:1.15.0] AndroidManifest.xml:24:9-44
81
82    <uses-permission android:name="com.steptracker.nativeapp.DYNAMIC_RECEIVER_NOT_EXPORTED_PERMISSION" />
82-->[androidx.core:core:1.15.0] AndroidManifest.xml:26:5-97
82-->[androidx.core:core:1.15.0] AndroidManifest.xml:26:22-94
83
84    <application
84-->src\main\AndroidManifest.xml:21:5-93:19
85        android:name="com.steptracker.nativeapp.StepTrackerApplication"
85-->src\main\AndroidManifest.xml:22:9-47
86        android:allowBackup="true"
86-->src\main\AndroidManifest.xml:23:9-35
87        android:appComponentFactory="androidx.core.app.CoreComponentFactory"
87-->[androidx.core:core:1.15.0] AndroidManifest.xml:28:18-86
88        android:dataExtractionRules="@xml/data_extraction_rules"
88-->src\main\AndroidManifest.xml:24:9-65
89        android:debuggable="true"
90        android:extractNativeLibs="false"
91        android:fullBackupContent="@xml/backup_rules"
91-->src\main\AndroidManifest.xml:25:9-54
92        android:icon="@mipmap/ic_launcher"
92-->src\main\AndroidManifest.xml:26:9-43
93        android:label="@string/app_name"
93-->src\main\AndroidManifest.xml:27:9-41
94        android:roundIcon="@mipmap/ic_launcher_round"
94-->src\main\AndroidManifest.xml:28:9-54
95        android:supportsRtl="true"
95-->src\main\AndroidManifest.xml:29:9-35
96        android:testOnly="true"
97        android:theme="@style/Theme.StepTracker" >
97-->src\main\AndroidManifest.xml:30:9-49
98
99        <!-- NPH AdMob App ID (test ID) -->
100        <meta-data
100-->src\main\AndroidManifest.xml:34:9-36:70
101            android:name="com.google.android.gms.ads.APPLICATION_ID"
101-->src\main\AndroidManifest.xml:35:13-69
102            android:value="ca-app-pub-3940256099942544~3347511713" />
102-->src\main\AndroidManifest.xml:36:13-67
103
104        <!-- Splash Activity with App Open Ad -->
105        <activity
105-->src\main\AndroidManifest.xml:39:9-48:20
106            android:name="com.steptracker.nativeapp.ui.SplashActivity"
106-->src\main\AndroidManifest.xml:40:13-46
107            android:exported="true"
107-->src\main\AndroidManifest.xml:41:13-36
108            android:screenOrientation="portrait"
108-->src\main\AndroidManifest.xml:42:13-49
109            android:theme="@style/Theme.StepTracker" >
109-->src\main\AndroidManifest.xml:43:13-53
110            <intent-filter>
110-->src\main\AndroidManifest.xml:44:13-47:29
111                <action android:name="android.intent.action.MAIN" />
111-->src\main\AndroidManifest.xml:45:17-69
111-->src\main\AndroidManifest.xml:45:25-66
112
113                <category android:name="android.intent.category.LAUNCHER" />
113-->src\main\AndroidManifest.xml:46:17-77
113-->src\main\AndroidManifest.xml:46:27-74
114            </intent-filter>
115        </activity>
116        <activity
116-->src\main\AndroidManifest.xml:50:9-53:52
117            android:name="com.steptracker.nativeapp.ui.MainActivity"
117-->src\main\AndroidManifest.xml:51:13-44
118            android:exported="false"
118-->src\main\AndroidManifest.xml:52:13-37
119            android:screenOrientation="portrait" />
119-->src\main\AndroidManifest.xml:53:13-49
120        <activity
120-->src\main\AndroidManifest.xml:55:9-58:52
121            android:name="com.steptracker.nativeapp.ui.ActivityDetailActivity"
121-->src\main\AndroidManifest.xml:56:13-54
122            android:parentActivityName="com.steptracker.nativeapp.ui.MainActivity"
122-->src\main\AndroidManifest.xml:57:13-58
123            android:screenOrientation="portrait" />
123-->src\main\AndroidManifest.xml:58:13-49
124        <activity
124-->src\main\AndroidManifest.xml:60:9-63:52
125            android:name="com.steptracker.nativeapp.ui.SettingsActivity"
125-->src\main\AndroidManifest.xml:61:13-48
126            android:parentActivityName="com.steptracker.nativeapp.ui.MainActivity"
126-->src\main\AndroidManifest.xml:62:13-58
127            android:screenOrientation="portrait" />
127-->src\main\AndroidManifest.xml:63:13-49
128        <activity
128-->src\main\AndroidManifest.xml:65:9-68:52
129            android:name="com.steptracker.nativeapp.ui.ActivityListActivity"
129-->src\main\AndroidManifest.xml:66:13-52
130            android:parentActivityName="com.steptracker.nativeapp.ui.MainActivity"
130-->src\main\AndroidManifest.xml:67:13-58
131            android:screenOrientation="portrait" />
131-->src\main\AndroidManifest.xml:68:13-49
132
133        <!-- Foreground Service for Activity Tracking -->
134        <service
134-->src\main\AndroidManifest.xml:71:9-75:56
135            android:name="com.steptracker.nativeapp.sensor.ActivityTrackingService"
135-->src\main\AndroidManifest.xml:72:13-59
136            android:enabled="true"
136-->src\main\AndroidManifest.xml:73:13-35
137            android:exported="false"
137-->src\main\AndroidManifest.xml:74:13-37
138            android:foregroundServiceType="location" />
138-->src\main\AndroidManifest.xml:75:13-53
139
140        <!-- Boot Receiver to restart tracking after reboot -->
141        <receiver
141-->src\main\AndroidManifest.xml:78:9-85:20
142            android:name="com.steptracker.nativeapp.sensor.BootReceiver"
142-->src\main\AndroidManifest.xml:79:13-48
143            android:enabled="true"
143-->src\main\AndroidManifest.xml:80:13-35
144            android:exported="true" >
144-->src\main\AndroidManifest.xml:81:13-36
145            <intent-filter>
145-->src\main\AndroidManifest.xml:82:13-84:29
146                <action android:name="android.intent.action.BOOT_COMPLETED" />
146-->src\main\AndroidManifest.xml:83:17-79
146-->src\main\AndroidManifest.xml:83:25-76
147            </intent-filter>
148        </receiver>
149
150        <!-- Daily Steps Reset Receiver -->
151        <receiver
151-->src\main\AndroidManifest.xml:88:9-91:40
152            android:name="com.steptracker.nativeapp.sensor.DailyResetReceiver"
152-->src\main\AndroidManifest.xml:89:13-54
153            android:enabled="true"
153-->src\main\AndroidManifest.xml:90:13-35
154            android:exported="false" />
154-->src\main\AndroidManifest.xml:91:13-37
155
156        <!-- Fix manifest merger conflict with AdMob SDK 23+ AD_SERVICES_CONFIG -->
157        <property
157-->[nph-ads-1.0.1-release.aar] AndroidManifest.xml:14:9-17:48
158            android:name="android.adservices.AD_SERVICES_CONFIG"
158-->[nph-ads-1.0.1-release.aar] AndroidManifest.xml:15:13-65
159            android:resource="@xml/gma_ad_services_config" />
159-->[nph-ads-1.0.1-release.aar] AndroidManifest.xml:16:13-59
160
161        <activity
161-->[com.facebook.android:facebook-common:18.2.3] AndroidManifest.xml:20:9-23:66
162            android:name="com.facebook.FacebookActivity"
162-->[com.facebook.android:facebook-common:18.2.3] AndroidManifest.xml:21:13-57
163            android:configChanges="keyboard|keyboardHidden|screenLayout|screenSize|orientation"
163-->[com.facebook.android:facebook-common:18.2.3] AndroidManifest.xml:22:13-96
164            android:theme="@style/com_facebook_activity_theme" />
164-->[com.facebook.android:facebook-common:18.2.3] AndroidManifest.xml:23:13-63
165        <activity android:name="com.facebook.CustomTabMainActivity" />
165-->[com.facebook.android:facebook-common:18.2.3] AndroidManifest.xml:24:9-71
165-->[com.facebook.android:facebook-common:18.2.3] AndroidManifest.xml:24:19-68
166        <activity
166-->[com.facebook.android:facebook-common:18.2.3] AndroidManifest.xml:25:9-39:20
167            android:name="com.facebook.CustomTabActivity"
167-->[com.facebook.android:facebook-common:18.2.3] AndroidManifest.xml:26:13-58
168            android:exported="true" >
168-->[com.facebook.android:facebook-common:18.2.3] AndroidManifest.xml:27:13-36
169            <intent-filter>
169-->[com.facebook.android:facebook-common:18.2.3] AndroidManifest.xml:29:13-38:29
170                <action android:name="android.intent.action.VIEW" />
170-->[com.facebook.android:facebook-common:18.2.3] AndroidManifest.xml:30:17-69
170-->[com.facebook.android:facebook-common:18.2.3] AndroidManifest.xml:30:25-66
171
172                <category android:name="android.intent.category.DEFAULT" />
172-->[com.facebook.android:facebook-common:18.2.3] AndroidManifest.xml:32:17-76
172-->[com.facebook.android:facebook-common:18.2.3] AndroidManifest.xml:32:27-73
173                <category android:name="android.intent.category.BROWSABLE" />
173-->[com.facebook.android:facebook-common:18.2.3] AndroidManifest.xml:33:17-78
173-->[com.facebook.android:facebook-common:18.2.3] AndroidManifest.xml:33:27-75
174
175                <data
175-->[com.facebook.android:facebook-common:18.2.3] AndroidManifest.xml:35:17-37:50
176                    android:host="cct.com.steptracker.nativeapp"
176-->[com.facebook.android:facebook-common:18.2.3] AndroidManifest.xml:36:21-56
177                    android:scheme="fbconnect" />
177-->[com.facebook.android:facebook-common:18.2.3] AndroidManifest.xml:37:21-47
178            </intent-filter>
179        </activity>
180
181        <provider
181-->[androidx.emoji2:emoji2:1.3.0] AndroidManifest.xml:24:9-32:20
182            android:name="androidx.startup.InitializationProvider"
182-->[androidx.emoji2:emoji2:1.3.0] AndroidManifest.xml:25:13-67
183            android:authorities="com.steptracker.nativeapp.androidx-startup"
183-->[androidx.emoji2:emoji2:1.3.0] AndroidManifest.xml:26:13-68
184            android:exported="false" >
184-->[androidx.emoji2:emoji2:1.3.0] AndroidManifest.xml:27:13-37
185            <meta-data
185-->[androidx.emoji2:emoji2:1.3.0] AndroidManifest.xml:29:13-31:52
186                android:name="androidx.emoji2.text.EmojiCompatInitializer"
186-->[androidx.emoji2:emoji2:1.3.0] AndroidManifest.xml:30:17-75
187                android:value="androidx.startup" />
187-->[androidx.emoji2:emoji2:1.3.0] AndroidManifest.xml:31:17-49
188            <meta-data
188-->[androidx.work:work-runtime:2.7.0] AndroidManifest.xml:36:13-38:52
189                android:name="androidx.work.WorkManagerInitializer"
189-->[androidx.work:work-runtime:2.7.0] AndroidManifest.xml:37:17-68
190                android:value="androidx.startup" />
190-->[androidx.work:work-runtime:2.7.0] AndroidManifest.xml:38:17-49
191            <meta-data
191-->[androidx.lifecycle:lifecycle-process:2.8.7] AndroidManifest.xml:29:13-31:52
192                android:name="androidx.lifecycle.ProcessLifecycleInitializer"
192-->[androidx.lifecycle:lifecycle-process:2.8.7] AndroidManifest.xml:30:17-78
193                android:value="androidx.startup" />
193-->[androidx.lifecycle:lifecycle-process:2.8.7] AndroidManifest.xml:31:17-49
194            <meta-data
194-->[androidx.profileinstaller:profileinstaller:1.4.0] AndroidManifest.xml:29:13-31:52
195                android:name="androidx.profileinstaller.ProfileInstallerInitializer"
195-->[androidx.profileinstaller:profileinstaller:1.4.0] AndroidManifest.xml:30:17-85
196                android:value="androidx.startup" />
196-->[androidx.profileinstaller:profileinstaller:1.4.0] AndroidManifest.xml:31:17-49
197        </provider>
198
199        <service
199-->[com.google.firebase:firebase-config-ktx:22.0.1] AndroidManifest.xml:9:9-15:19
200            android:name="com.google.firebase.components.ComponentDiscoveryService"
200-->[com.google.firebase:firebase-config-ktx:22.0.1] AndroidManifest.xml:10:13-84
201            android:directBootAware="true"
201-->[com.google.firebase:firebase-common:21.0.0] AndroidManifest.xml:32:13-43
202            android:exported="false" >
202-->[com.google.firebase:firebase-config-ktx:22.0.1] AndroidManifest.xml:11:13-37
203            <meta-data
203-->[com.google.firebase:firebase-config-ktx:22.0.1] AndroidManifest.xml:12:13-14:85
204                android:name="com.google.firebase.components:com.google.firebase.remoteconfig.ktx.FirebaseConfigLegacyRegistrar"
204-->[com.google.firebase:firebase-config-ktx:22.0.1] AndroidManifest.xml:13:17-129
205                android:value="com.google.firebase.components.ComponentRegistrar" />
205-->[com.google.firebase:firebase-config-ktx:22.0.1] AndroidManifest.xml:14:17-82
206            <meta-data
206-->[com.google.firebase:firebase-config:22.0.1] AndroidManifest.xml:29:13-31:85
207                android:name="com.google.firebase.components:com.google.firebase.remoteconfig.FirebaseRemoteConfigKtxRegistrar"
207-->[com.google.firebase:firebase-config:22.0.1] AndroidManifest.xml:30:17-128
208                android:value="com.google.firebase.components.ComponentRegistrar" />
208-->[com.google.firebase:firebase-config:22.0.1] AndroidManifest.xml:31:17-82
209            <meta-data
209-->[com.google.firebase:firebase-config:22.0.1] AndroidManifest.xml:32:13-34:85
210                android:name="com.google.firebase.components:com.google.firebase.remoteconfig.RemoteConfigRegistrar"
210-->[com.google.firebase:firebase-config:22.0.1] AndroidManifest.xml:33:17-117
211                android:value="com.google.firebase.components.ComponentRegistrar" />
211-->[com.google.firebase:firebase-config:22.0.1] AndroidManifest.xml:34:17-82
212            <meta-data
212-->[com.google.firebase:firebase-analytics-ktx:22.1.2] AndroidManifest.xml:11:13-13:85
213                android:name="com.google.firebase.components:com.google.firebase.analytics.ktx.FirebaseAnalyticsLegacyRegistrar"
213-->[com.google.firebase:firebase-analytics-ktx:22.1.2] AndroidManifest.xml:12:17-129
214                android:value="com.google.firebase.components.ComponentRegistrar" />
214-->[com.google.firebase:firebase-analytics-ktx:22.1.2] AndroidManifest.xml:13:17-82
215            <meta-data
215-->[com.google.android.gms:play-services-measurement-api:22.1.2] AndroidManifest.xml:37:13-39:85
216                android:name="com.google.firebase.components:com.google.firebase.analytics.connector.internal.AnalyticsConnectorRegistrar"
216-->[com.google.android.gms:play-services-measurement-api:22.1.2] AndroidManifest.xml:38:17-139
217                android:value="com.google.firebase.components.ComponentRegistrar" />
217-->[com.google.android.gms:play-services-measurement-api:22.1.2] AndroidManifest.xml:39:17-82
218            <meta-data
218-->[com.google.firebase:firebase-installations:18.0.0] AndroidManifest.xml:15:13-17:85
219                android:name="com.google.firebase.components:com.google.firebase.installations.FirebaseInstallationsKtxRegistrar"
219-->[com.google.firebase:firebase-installations:18.0.0] AndroidManifest.xml:16:17-130
220                android:value="com.google.firebase.components.ComponentRegistrar" />
220-->[com.google.firebase:firebase-installations:18.0.0] AndroidManifest.xml:17:17-82
221            <meta-data
221-->[com.google.firebase:firebase-installations:18.0.0] AndroidManifest.xml:18:13-20:85
222                android:name="com.google.firebase.components:com.google.firebase.installations.FirebaseInstallationsRegistrar"
222-->[com.google.firebase:firebase-installations:18.0.0] AndroidManifest.xml:19:17-127
223                android:value="com.google.firebase.components.ComponentRegistrar" />
223-->[com.google.firebase:firebase-installations:18.0.0] AndroidManifest.xml:20:17-82
224            <meta-data
224-->[com.google.firebase:firebase-common-ktx:21.0.0] AndroidManifest.xml:12:13-14:85
225                android:name="com.google.firebase.components:com.google.firebase.ktx.FirebaseCommonLegacyRegistrar"
225-->[com.google.firebase:firebase-common-ktx:21.0.0] AndroidManifest.xml:13:17-116
226                android:value="com.google.firebase.components.ComponentRegistrar" />
226-->[com.google.firebase:firebase-common-ktx:21.0.0] AndroidManifest.xml:14:17-82
227            <meta-data
227-->[com.google.firebase:firebase-common:21.0.0] AndroidManifest.xml:35:13-37:85
228                android:name="com.google.firebase.components:com.google.firebase.FirebaseCommonKtxRegistrar"
228-->[com.google.firebase:firebase-common:21.0.0] AndroidManifest.xml:36:17-109
229                android:value="com.google.firebase.components.ComponentRegistrar" />
229-->[com.google.firebase:firebase-common:21.0.0] AndroidManifest.xml:37:17-82
230            <meta-data
230-->[com.google.firebase:firebase-abt:21.1.1] AndroidManifest.xml:12:13-14:85
231                android:name="com.google.firebase.components:com.google.firebase.abt.component.AbtRegistrar"
231-->[com.google.firebase:firebase-abt:21.1.1] AndroidManifest.xml:13:17-109
232                android:value="com.google.firebase.components.ComponentRegistrar" />
232-->[com.google.firebase:firebase-abt:21.1.1] AndroidManifest.xml:14:17-82
233        </service>
234
235        <provider
235-->[com.google.firebase:firebase-common:21.0.0] AndroidManifest.xml:23:9-28:39
236            android:name="com.google.firebase.provider.FirebaseInitProvider"
236-->[com.google.firebase:firebase-common:21.0.0] AndroidManifest.xml:24:13-77
237            android:authorities="com.steptracker.nativeapp.firebaseinitprovider"
237-->[com.google.firebase:firebase-common:21.0.0] AndroidManifest.xml:25:13-72
238            android:directBootAware="true"
238-->[com.google.firebase:firebase-common:21.0.0] AndroidManifest.xml:26:13-43
239            android:exported="false"
239-->[com.google.firebase:firebase-common:21.0.0] AndroidManifest.xml:27:13-37
240            android:initOrder="100" />
240-->[com.google.firebase:firebase-common:21.0.0] AndroidManifest.xml:28:13-36
241        <!--
242         The initialization ContentProvider will call FacebookSdk.sdkInitialize automatically
243         with the application context. This config is merged in with the host app's manifest,
244         but there can only be one provider with the same authority activated at any given
245         point; so if the end user has two or more different apps that use Facebook SDK, only the
246         first one will be able to use the provider. To work around this problem, we use the
247         following placeholder in the authority to identify each host application as if it was
248         a completely different provider.
249        -->
250        <provider
250-->[com.facebook.android:facebook-core:18.2.3] AndroidManifest.xml:32:9-35:40
251            android:name="com.facebook.internal.FacebookInitProvider"
251-->[com.facebook.android:facebook-core:18.2.3] AndroidManifest.xml:33:13-70
252            android:authorities="com.steptracker.nativeapp.FacebookInitProvider"
252-->[com.facebook.android:facebook-core:18.2.3] AndroidManifest.xml:34:13-72
253            android:exported="false" />
253-->[com.facebook.android:facebook-core:18.2.3] AndroidManifest.xml:35:13-37
254
255        <receiver
255-->[com.facebook.android:facebook-core:18.2.3] AndroidManifest.xml:37:9-43:20
256            android:name="com.facebook.CurrentAccessTokenExpirationBroadcastReceiver"
256-->[com.facebook.android:facebook-core:18.2.3] AndroidManifest.xml:38:13-86
257            android:exported="false" >
257-->[com.facebook.android:facebook-core:18.2.3] AndroidManifest.xml:39:13-37
258            <intent-filter>
258-->[com.facebook.android:facebook-core:18.2.3] AndroidManifest.xml:40:13-42:29
259                <action android:name="com.facebook.sdk.ACTION_CURRENT_ACCESS_TOKEN_CHANGED" />
259-->[com.facebook.android:facebook-core:18.2.3] AndroidManifest.xml:41:17-95
259-->[com.facebook.android:facebook-core:18.2.3] AndroidManifest.xml:41:25-92
260            </intent-filter>
261        </receiver>
262        <receiver
262-->[com.facebook.android:facebook-core:18.2.3] AndroidManifest.xml:44:9-50:20
263            android:name="com.facebook.AuthenticationTokenManager$CurrentAuthenticationTokenChangedBroadcastReceiver"
263-->[com.facebook.android:facebook-core:18.2.3] AndroidManifest.xml:45:13-118
264            android:exported="false" >
264-->[com.facebook.android:facebook-core:18.2.3] AndroidManifest.xml:46:13-37
265            <intent-filter>
265-->[com.facebook.android:facebook-core:18.2.3] AndroidManifest.xml:47:13-49:29
266                <action android:name="com.facebook.sdk.ACTION_CURRENT_AUTHENTICATION_TOKEN_CHANGED" />
266-->[com.facebook.android:facebook-core:18.2.3] AndroidManifest.xml:48:17-103
266-->[com.facebook.android:facebook-core:18.2.3] AndroidManifest.xml:48:25-100
267            </intent-filter>
268        </receiver>
269        <receiver
269-->[com.google.android.gms:play-services-measurement:22.1.2] AndroidManifest.xml:29:9-33:20
270            android:name="com.google.android.gms.measurement.AppMeasurementReceiver"
270-->[com.google.android.gms:play-services-measurement:22.1.2] AndroidManifest.xml:30:13-85
271            android:enabled="true"
271-->[com.google.android.gms:play-services-measurement:22.1.2] AndroidManifest.xml:31:13-35
272            android:exported="false" >
272-->[com.google.android.gms:play-services-measurement:22.1.2] AndroidManifest.xml:32:13-37
273        </receiver>
274
275        <service
275-->[com.google.android.gms:play-services-measurement:22.1.2] AndroidManifest.xml:35:9-38:40
276            android:name="com.google.android.gms.measurement.AppMeasurementService"
276-->[com.google.android.gms:play-services-measurement:22.1.2] AndroidManifest.xml:36:13-84
277            android:enabled="true"
277-->[com.google.android.gms:play-services-measurement:22.1.2] AndroidManifest.xml:37:13-35
278            android:exported="false" />